<?xml version="1.0" encoding="UTF-8"?>
<!-- Generated by org.testng.reporters.JUnitXMLReporter -->
<testsuite ignored="0" hostname="LAP-KARTHIGA" failures="3" tests="18" name="dsalgo" time="269.998" errors="0" timestamp="2022-05-23T12:19:13 CDT">
  <testcase classname="com.dsalgo.testcases.TC_RegisterTest_001" name="registerTest1" time="4.491"/>
  <testcase classname="com.dsalgo.testcases.TC_RegisterTest_001" name="registerTest2" time="6.845">
    <skipped/>
  </testcase> <!-- registerTest2 -->
  <testcase classname="com.dsalgo.testcases.TC_RegisterTest_001" name="registerTest2" time="6.858">
    <failure type="java.lang.AssertionError" message="expected [true] but found [false]">
      <![CDATA[java.lang.AssertionError: expected [true] but found [false]
at com.dsalgo.testcases.TC_RegisterTest_001.registerTest2(TC_RegisterTest_001.java:110)
at java.base/java.util.ArrayList.forEach(ArrayList.java:1541)
... Removed 34 stack frames]]>
    </failure>
  </testcase> <!-- registerTest2 -->
  <testcase classname="com.dsalgo.testcases.TC_RegisterTest_001" name="registerTest3" time="6.281"/>
  <testcase classname="com.dsalgo.testcases.TC_RegisterTest_001" name="registerTest4" time="26.837">
    <skipped/>
  </testcase> <!-- registerTest4 -->
  <testcase classname="com.dsalgo.testcases.TC_RegisterTest_001" name="registerTest4" time="26.759">
    <failure type="org.openqa.selenium.NoSuchElementException" message="no such element: Unable to locate element: {&amp;quot;method&amp;quot;:&amp;quot;xpath&amp;quot;,&amp;quot;selector&amp;quot;:&amp;quot;//a[contains(text(),&amp;apos;Sign out&amp;apos;)]&amp;quot;}
  (Session info: chrome=101.0.4951.67)
For documentation on this error, please visit: https://selenium.dev/exceptions/#no_such_element
Build info: version: &amp;apos;4.1.2&amp;apos;, revision: &amp;apos;9a5a329c5a&amp;apos;
System info: host: &amp;apos;LAP-KARTHIGA&amp;apos;, ip: &amp;apos;10.0.0.128&amp;apos;, os.name: &amp;apos;Windows 10&amp;apos;, os.arch: &amp;apos;amd64&amp;apos;, os.version: &amp;apos;10.0&amp;apos;, java.version: &amp;apos;11.0.14&amp;apos;
Driver info: org.openqa.selenium.chrome.ChromeDriver
Command: [a586d860e824e82c068046823fdf6226, findElement {using=xpath, value=//a[contains(text(),&amp;apos;Sign out&amp;apos;)]}]
Capabilities {acceptInsecureCerts: false, browserName: chrome, browserVersion: 101.0.4951.67, chrome: {chromedriverVersion: 101.0.4951.41 (93c720db8323..., userDataDir: C:\Users\VISHAKAN\AppData\L...}, goog:chromeOptions: {debuggerAddress: localhost:54713}, javascriptEnabled: true, networkConnectionEnabled: false, pageLoadStrategy: normal, platform: WINDOWS, platformName: WINDOWS, proxy: Proxy(), se:cdp: ws://localhost:54713/devtoo..., se:cdpVersion: 101.0.4951.67, setWindowRect: true, strictFileInteractability: false, timeouts: {implicit: 0, pageLoad: 300000, script: 30000}, unhandledPromptBehavior: dismiss and notify, webauthn:extension:credBlob: true, webauthn:extension:largeBlob: true, webauthn:virtualAuthenticators: true}
Session ID: a586d860e824e82c068046823fdf6226">
      <![CDATA[org.openqa.selenium.NoSuchElementException: no such element: Unable to locate element: {"method":"xpath","selector":"//a[contains(text(),'Sign out')]"}
  (Session info: chrome=101.0.4951.67)
For documentation on this error, please visit: https://selenium.dev/exceptions/#no_such_element
Build info: version: '4.1.2', revision: '9a5a329c5a'
System info: host: 'LAP-KARTHIGA', ip: '10.0.0.128', os.name: 'Windows 10', os.arch: 'amd64', os.version: '10.0', java.version: '11.0.14'
Driver info: org.openqa.selenium.chrome.ChromeDriver
Command: [a586d860e824e82c068046823fdf6226, findElement {using=xpath, value=//a[contains(text(),'Sign out')]}]
Capabilities {acceptInsecureCerts: false, browserName: chrome, browserVersion: 101.0.4951.67, chrome: {chromedriverVersion: 101.0.4951.41 (93c720db8323..., userDataDir: C:\Users\VISHAKAN\AppData\L...}, goog:chromeOptions: {debuggerAddress: localhost:54713}, javascriptEnabled: true, networkConnectionEnabled: false, pageLoadStrategy: normal, platform: WINDOWS, platformName: WINDOWS, proxy: Proxy(), se:cdp: ws://localhost:54713/devtoo..., se:cdpVersion: 101.0.4951.67, setWindowRect: true, strictFileInteractability: false, timeouts: {implicit: 0, pageLoad: 300000, script: 30000}, unhandledPromptBehavior: dismiss and notify, webauthn:extension:credBlob: true, webauthn:extension:largeBlob: true, webauthn:virtualAuthenticators: true}
Session ID: a586d860e824e82c068046823fdf6226
at org.openqa.selenium.remote.codec.w3c.W3CHttpResponseCodec.createException(W3CHttpResponseCodec.java:200)
at org.openqa.selenium.remote.codec.w3c.W3CHttpResponseCodec.decode(W3CHttpResponseCodec.java:133)
at org.openqa.selenium.remote.codec.w3c.W3CHttpResponseCodec.decode(W3CHttpResponseCodec.java:53)
at org.openqa.selenium.remote.HttpCommandExecutor.execute(HttpCommandExecutor.java:184)
at org.openqa.selenium.remote.service.DriverCommandExecutor.invokeExecute(DriverCommandExecutor.java:167)
at org.openqa.selenium.remote.service.DriverCommandExecutor.execute(DriverCommandExecutor.java:142)
at org.openqa.selenium.remote.RemoteWebDriver.execute(RemoteWebDriver.java:558)
at org.openqa.selenium.remote.ElementLocation$ElementFinder$2.findElement(ElementLocation.java:162)
at org.openqa.selenium.remote.ElementLocation.findElement(ElementLocation.java:60)
at org.openqa.selenium.remote.RemoteWebDriver.findElement(RemoteWebDriver.java:382)
at org.openqa.selenium.remote.RemoteWebDriver.findElement(RemoteWebDriver.java:374)
at org.openqa.selenium.support.pagefactory.DefaultElementLocator.findElement(DefaultElementLocator.java:70)
at org.openqa.selenium.support.pagefactory.internal.LocatingElementHandler.invoke(LocatingElementHandler.java:39)
at com.sun.proxy.$Proxy38.click(Unknown Source)
at com.dsalgo.pageobjects.RegisterPage.clickSignOutBtn(RegisterPage.java:68)
at com.dsalgo.testcases.TC_RegisterTest_001.registerTest4(TC_RegisterTest_001.java:179)
at java.base/java.util.ArrayList.forEach(ArrayList.java:1541)
... Removed 34 stack frames]]>
    </failure>
  </testcase> <!-- registerTest4 -->
  <testcase classname="com.dsalgo.testcases.TC_LoginTestDDL_003" name="loginDDL" time="7.881">
    <skipped/>
  </testcase> <!-- loginDDL -->
  <testcase classname="com.dsalgo.testcases.TC_LoginTestDDL_003" name="loginDDL" time="6.881">
    <failure type="java.lang.AssertionError" message="expected [true] but found [false]">
      <![CDATA[java.lang.AssertionError: expected [true] but found [false]
at com.dsalgo.testcases.TC_LoginTestDDL_003.loginDDL(TC_LoginTestDDL_003.java:64)
at java.base/java.util.ArrayList.forEach(ArrayList.java:1541)
... Removed 34 stack frames]]>
    </failure>
  </testcase> <!-- loginDDL -->
  <testcase classname="com.dsalgo.testcases.TC_LoginTestDDL_003" name="loginDDL" time="7.075"/>
  <testcase classname="com.dsalgo.testcases.TC_LinkedList_003" name="linkedListTest" time="28.686"/>
  <testcase classname="com.dsalgo.testcases.TC_LinkedList_003" name="createLinkedList" time="13.057"/>
  <testcase classname="com.dsalgo.testcases.TC_LinkedList_003" name="typeOfLinkedList" time="11.082"/>
  <testcase classname="com.dsalgo.testcases.TC_LinkedList_003" name="implementLinkedList" time="10.927"/>
  <testcase classname="com.dsalgo.testcases.TC_LinkedList_003" name="traversal" time="11.035"/>
  <testcase classname="com.dsalgo.testcases.TC_LinkedList_003" name="insertion" time="12.97"/>
  <testcase classname="com.dsalgo.testcases.TC_LinkedList_003" name="deletion" time="10.946"/>
  <testcase classname="com.dsalgo.testcases.TC_EditorPage_004" name="runEditorCodeAndVerify" time="4.264"/>
  <testcase classname="com.dsalgo.testcases.TC_EditorPage_004" name="runAndVerifyAlert" time="4.178">
    <skipped/>
  </testcase> <!-- runAndVerifyAlert -->
</testsuite> <!-- dsalgo -->
